<?xml version="1.0" encoding="UTF-8"?>
<!-- Generated by org.testng.reporters.JUnitReportReporter -->
<testsuite hostname="LENOVO" failures="0" tests="2" name="Tests.LoginTest" time="1.263" errors="0" timestamp="2023-10-22T19:16:33 PKT" skipped="0">
  <testcase classname="Tests.LoginTest" name="validLogin" time="0.351"/>
  <testcase classname="Tests.LoginTest" name="invalidLogin" time="0.912"/>
</testsuite> <!-- Tests.LoginTest -->
